app/mapping.txt
# compiler: R8
# compiler_version: 1.5.68
# min_api: 16
# pg_map_id: 0993c0c
...
androidx.appcompat.view.menu.MenuHelper -> androidx.appcompat.view.menu.h:
androidx.appcompat.view.menu.MenuItemImpl -> androidx.appcompat.view.menu.i:
    char mShortcutNumericChar -> h
    char mShortcutAlphabeticChar -> j
    android.content.res.ColorStateList mIconTintList -> t
    android.graphics.PorterDuff$Mode mIconTintMode -> u
    int mOrdering -> d
    java.lang.CharSequence mTitleCondensed -> f
    boolean mHasIconTintMode -> w
    int mGroup -> b
    androidx.appcompat.view.menu.SubMenuBuilder mSubMenu -> o
    android.view.MenuItem$OnMenuItemClickListener mClickListener -> q
    android.content.Intent mIntent -> g
    android.view.ContextMenu$ContextMenuInfo mMenuInfo -> E
    java.lang.CharSequence mTooltipText -> s
    int mFlags -> y
    android.graphics.drawable.Drawable mIconDrawable -> l
    int mIconResId -> m
    int mShortcutAlphabeticModifiers -> k
    int mShortcutNumericModifiers -> i
    java.lang.CharSequence mTitle -> e
    boolean mHasIconTint -> v
    boolean mNeedToApplyIconTint -> x
    int mCategoryOrder -> c
    android.view.MenuItem$OnActionExpandListener mOnActionExpandListener -> C
    int mId -> a
    int mShowAsAction -> z
    java.lang.CharSequence mContentDescription -> r
    android.view.View mActionView -> A
    androidx.appcompat.view.menu.MenuBuilder mMenu -> n
    androidx.core.view.ActionProvider mActionProvider -> B
    java.lang.Runnable mItemCallback -> p
    boolean mIsActionViewExpanded -> D
    void appendModifier(java.lang.StringBuilder,int,int,java.lang.String) -> a
androidx.appcompat.view.menu.MenuItemImpl$1 -> androidx.appcompat.view.menu.i$a:
    androidx.appcompat.view.menu.MenuItemImpl this$0 -> a
androidx.appcompat.view.menu.MenuItemWrapperICS -> androidx.appcompat.view.menu.j:
    java.lang.reflect.Method mSetExclusiveCheckableMethod -> e
    androidx.appcompat.view.menu.MenuItemWrapperICS$ActionProviderWrapper createActionProviderWrapper(android.view.ActionProvider) -> a
    void setExclusiveCheckable(boolean) -> a
androidx.appcompat.view.menu.MenuItemWrapperICS$ActionProviderWrapper -> androidx.appcompat.view.menu.j$a:
    android.view.ActionProvider mInner -> b
    androidx.appcompat.view.menu.MenuItemWrapperICS this$0 -> c
    boolean hasSubMenu() -> a
    void onPrepareSubMenu(android.view.SubMenu) -> a
    android.view.View onCreateActionView() -> c
    boolean onPerformDefaultAction() -> d
androidx.appcompat.view.menu.MenuItemWrapperICS$CollapsibleActionViewWrapper -> androidx.appcompat.view.menu.j$b:
    android.view.CollapsibleActionView mWrappedView -> d
    void onActionViewExpanded() -> a
    void onActionViewCollapsed() -> b
    android.view.View getWrappedView() -> c
androidx.appcompat.view.menu.MenuItemWrapperICS$OnActionExpandListenerWrapper -> androidx.appcompat.view.menu.j$c:
    androidx.appcompat.view.menu.MenuItemWrapperICS this$0 -> b
androidx.appcompat.view.menu.MenuItemWrapperICS$OnMenuItemClickListenerWrapper -> androidx.appcompat.view.menu.j$d:
    androidx.appcompat.view.menu.MenuItemWrapperICS this$0 -> b
androidx.appcompat.view.menu.MenuItemWrapperJB -> androidx.appcompat.view.menu.k:
    androidx.appcompat.view.menu.MenuItemWrapperICS$ActionProviderWrapper createActionProviderWrapper(android.view.ActionProvider) -> a
androidx.appcompat.view.menu.MenuItemWrapperJB$ActionProviderWrapperJB -> androidx.appcompat.view.menu.k$a:
    androidx.core.view.ActionProvider$VisibilityListener mListener -> d
    android.view.View onCreateActionView(android.view.MenuItem) -> a
    void setVisibilityListener(androidx.core.view.ActionProvider$VisibilityListener) -> a
    boolean isVisible() -> b
    boolean overridesItemVisibility() -> e